<?xml version="1.0" encoding="UTF-8"?>
<testsuite xmlns:xsi="http://www.w3.org/2001/XMLSchema-instance" xsi:noNamespaceSchemaLocation="https://maven.apache.org/surefire/maven-surefire-plugin/xsd/surefire-test-report-3.0.xsd" version="3.0" name="com.mountify.AppTest" time="0.311" tests="1" errors="0" skipped="0" failures="0">
  <properties>
[...]
</properties>
  <testcase name="testMountAndNotifyFlow" classname="com.mountify.AppTest" time="0.262">
    <system-out><![CDATA[Running full Mountify test flow:
mount_usb.sh exited with code: 0
notify_popup.sh exited with code: 0
unmount_usb.sh exited with code: 1
]]></system-out>
  </testcase>
</testsuite>